2025-08-16T19:38:18.596+05:30  INFO 17156 --- [SimplyPay] [restartedMain] c.aritra.SimplyPay.SimplyPayApplication  : Starting SimplyPayApplication using Java 24.0.2 with PID 17156 (C:\01- Java SpringBoot Microservice Projects\04- Paypal Clone\UserService\UserService\target\classes started by aritr in C:\01- Java SpringBoot Microservice Projects\04- Paypal Clone\UserService)
2025-08-16T19:38:18.597+05:30 DEBUG 17156 --- [SimplyPay] [restartedMain] c.aritra.SimplyPay.SimplyPayApplication  : Running with Spring Boot v3.5.4, Spring v6.2.9
2025-08-16T19:38:18.598+05:30  INFO 17156 --- [SimplyPay] [restartedMain] c.aritra.SimplyPay.SimplyPayApplication  : No active profile set, falling back to 1 default profile: "default"
2025-08-16T19:38:18.655+05:30  INFO 17156 --- [SimplyPay] [restartedMain] .e.DevToolsPropertyDefaultsPostProcessor : Devtools property defaults active! Set 'spring.devtools.add-properties' to 'false' to disable
2025-08-16T19:38:18.655+05:30  INFO 17156 --- [SimplyPay] [restartedMain] .e.DevToolsPropertyDefaultsPostProcessor : For additional web related logging consider setting the 'logging.level.web' property to 'DEBUG'
2025-08-16T19:38:19.585+05:30  INFO 17156 --- [SimplyPay] [restartedMain] .s.d.r.c.RepositoryConfigurationDelegate : Bootstrapping Spring Data JPA repositories in DEFAULT mode.
2025-08-16T19:38:19.648+05:30  INFO 17156 --- [SimplyPay] [restartedMain] .s.d.r.c.RepositoryConfigurationDelegate : Finished Spring Data repository scanning in 54 ms. Found 1 JPA repository interface.
2025-08-16T19:38:20.460+05:30  INFO 17156 --- [SimplyPay] [restartedMain] o.s.b.w.embedded.tomcat.TomcatWebServer  : Tomcat initialized with port 8080 (http)
2025-08-16T19:38:20.477+05:30  INFO 17156 --- [SimplyPay] [restartedMain] o.apache.catalina.core.StandardService   : Starting service [Tomcat]
2025-08-16T19:38:20.478+05:30  INFO 17156 --- [SimplyPay] [restartedMain] o.apache.catalina.core.StandardEngine    : Starting Servlet engine: [Apache Tomcat/10.1.43]
2025-08-16T19:38:20.518+05:30  INFO 17156 --- [SimplyPay] [restartedMain] o.a.c.c.C.[Tomcat].[localhost].[/]       : Initializing Spring embedded WebApplicationContext
2025-08-16T19:38:20.518+05:30  INFO 17156 --- [SimplyPay] [restartedMain] w.s.c.ServletWebServerApplicationContext : Root WebApplicationContext: initialization completed in 1862 ms
2025-08-16T19:38:20.787+05:30  INFO 17156 --- [SimplyPay] [restartedMain] o.hibernate.jpa.internal.util.LogHelper  : HHH000204: Processing PersistenceUnitInfo [name: default]
2025-08-16T19:38:20.880+05:30  INFO 17156 --- [SimplyPay] [restartedMain] org.hibernate.Version                    : HHH000412: Hibernate ORM core version 6.6.22.Final
2025-08-16T19:38:20.939+05:30  INFO 17156 --- [SimplyPay] [restartedMain] o.h.c.internal.RegionFactoryInitiator    : HHH000026: Second-level cache disabled
2025-08-16T19:38:21.322+05:30  INFO 17156 --- [SimplyPay] [restartedMain] o.s.o.j.p.SpringPersistenceUnitInfo      : No LoadTimeWeaver setup: ignoring JPA class transformer
2025-08-16T19:38:21.360+05:30  INFO 17156 --- [SimplyPay] [restartedMain] com.zaxxer.hikari.HikariDataSource       : HikariPool-1 - Starting...
2025-08-16T19:38:21.839+05:30  INFO 17156 --- [SimplyPay] [restartedMain] com.zaxxer.hikari.pool.HikariPool        : HikariPool-1 - Added connection com.mysql.cj.jdbc.ConnectionImpl@5c45fd2b
2025-08-16T19:38:21.841+05:30  INFO 17156 --- [SimplyPay] [restartedMain] com.zaxxer.hikari.HikariDataSource       : HikariPool-1 - Start completed.
2025-08-16T19:38:22.001+05:30  INFO 17156 --- [SimplyPay] [restartedMain] org.hibernate.orm.connections.pooling    : HHH10001005: Database info:
	Database JDBC URL [Connecting through datasource 'HikariDataSource (HikariPool-1)']
	Database driver: undefined/unknown
	Database version: 8.0.40
	Autocommit mode: undefined/unknown
	Isolation level: undefined/unknown
	Minimum pool size: undefined/unknown
	Maximum pool size: undefined/unknown
2025-08-16T19:38:22.831+05:30  INFO 17156 --- [SimplyPay] [restartedMain] o.h.e.t.j.p.i.JtaPlatformInitiator       : HHH000489: No JTA platform available (set 'hibernate.transaction.jta.platform' to enable JTA platform integration)
2025-08-16T19:38:22.927+05:30  INFO 17156 --- [SimplyPay] [restartedMain] j.LocalContainerEntityManagerFactoryBean : Initialized JPA EntityManagerFactory for persistence unit 'default'
2025-08-16T19:38:23.493+05:30  WARN 17156 --- [SimplyPay] [restartedMain] JpaBaseConfiguration$JpaWebConfiguration : spring.jpa.open-in-view is enabled by default. Therefore, database queries may be performed during view rendering. Explicitly configure spring.jpa.open-in-view to disable this warning
2025-08-16T19:38:23.794+05:30  WARN 17156 --- [SimplyPay] [restartedMain] .s.s.UserDetailsServiceAutoConfiguration : 

Using generated security password: 00355701-4d38-4476-8af2-58e2f3b582b5

This generated password is for development use only. Your security configuration must be updated before running your application in production.

2025-08-16T19:38:23.812+05:30  INFO 17156 --- [SimplyPay] [restartedMain] r$InitializeUserDetailsManagerConfigurer : Global AuthenticationManager configured with UserDetailsService bean with name inMemoryUserDetailsManager
2025-08-16T19:38:23.935+05:30 DEBUG 17156 --- [SimplyPay] [restartedMain] o.s.s.web.DefaultSecurityFilterChain     : Will secure any request with filters: DisableEncodeUrlFilter, WebAsyncManagerIntegrationFilter, SecurityContextHolderFilter, HeaderWriterFilter, CsrfFilter, LogoutFilter, UsernamePasswordAuthenticationFilter, DefaultResourcesFilter, DefaultLoginPageGeneratingFilter, DefaultLogoutPageGeneratingFilter, BasicAuthenticationFilter, RequestCacheAwareFilter, SecurityContextHolderAwareRequestFilter, AnonymousAuthenticationFilter, ExceptionTranslationFilter, AuthorizationFilter
2025-08-16T19:38:24.202+05:30  INFO 17156 --- [SimplyPay] [restartedMain] o.s.b.d.a.OptionalLiveReloadServer       : LiveReload server is running on port 35729
2025-08-16T19:38:24.239+05:30  INFO 17156 --- [SimplyPay] [restartedMain] o.s.b.w.embedded.tomcat.TomcatWebServer  : Tomcat started on port 8080 (http) with context path '/'
2025-08-16T19:38:24.248+05:30  INFO 17156 --- [SimplyPay] [restartedMain] c.aritra.SimplyPay.SimplyPayApplication  : Started SimplyPayApplication in 6.219 seconds (process running for 6.806)
2025-08-16T19:38:38.325+05:30  INFO 17156 --- [SimplyPay] [http-nio-8080-exec-2] o.a.c.c.C.[Tomcat].[localhost].[/]       : Initializing Spring DispatcherServlet 'dispatcherServlet'
2025-08-16T19:38:38.327+05:30  INFO 17156 --- [SimplyPay] [http-nio-8080-exec-2] o.s.web.servlet.DispatcherServlet        : Initializing Servlet 'dispatcherServlet'
2025-08-16T19:38:38.330+05:30  INFO 17156 --- [SimplyPay] [http-nio-8080-exec-2] o.s.web.servlet.DispatcherServlet        : Completed initialization in 2 ms
2025-08-16T19:38:38.376+05:30 DEBUG 17156 --- [SimplyPay] [http-nio-8080-exec-2] o.s.security.web.FilterChainProxy        : Securing POST /api/v3/users/
2025-08-16T19:38:38.384+05:30 DEBUG 17156 --- [SimplyPay] [http-nio-8080-exec-2] o.s.security.web.csrf.CsrfFilter         : Invalid CSRF token found for http://localhost:8080/api/v3/users/
2025-08-16T19:38:38.385+05:30 DEBUG 17156 --- [SimplyPay] [http-nio-8080-exec-2] o.s.s.w.access.AccessDeniedHandlerImpl   : Responding with 403 status code
2025-08-16T19:38:38.400+05:30 DEBUG 17156 --- [SimplyPay] [http-nio-8080-exec-2] o.s.security.web.FilterChainProxy        : Securing POST /error
2025-08-16T19:38:38.406+05:30 DEBUG 17156 --- [SimplyPay] [http-nio-8080-exec-2] o.s.s.w.a.AnonymousAuthenticationFilter  : Set SecurityContextHolder to anonymous SecurityContext
2025-08-16T19:38:38.410+05:30 DEBUG 17156 --- [SimplyPay] [http-nio-8080-exec-2] s.w.a.DelegatingAuthenticationEntryPoint : Trying to match using And [Not [RequestHeaderRequestMatcher [expectedHeaderName=X-Requested-With, expectedHeaderValue=XMLHttpRequest]], MediaTypeRequestMatcher [contentNegotiationStrategy=org.springframework.web.accept.ContentNegotiationManager@3282448f, matchingMediaTypes=[application/xhtml+xml, image/*, text/html, text/plain], useEquals=false, ignoredMediaTypes=[*/*]]]
2025-08-16T19:38:38.412+05:30 DEBUG 17156 --- [SimplyPay] [http-nio-8080-exec-2] s.w.a.DelegatingAuthenticationEntryPoint : Trying to match using Or [RequestHeaderRequestMatcher [expectedHeaderName=X-Requested-With, expectedHeaderValue=XMLHttpRequest], And [Not [MediaTypeRequestMatcher [contentNegotiationStrategy=org.springframework.web.accept.ContentNegotiationManager@3282448f, matchingMediaTypes=[text/html], useEquals=false, ignoredMediaTypes=[]]], MediaTypeRequestMatcher [contentNegotiationStrategy=org.springframework.web.accept.ContentNegotiationManager@3282448f, matchingMediaTypes=[application/atom+xml, application/x-www-form-urlencoded, application/json, application/octet-stream, application/xml, multipart/form-data, text/xml], useEquals=false, ignoredMediaTypes=[*/*]]], MediaTypeRequestMatcher [contentNegotiationStrategy=org.springframework.web.accept.ContentNegotiationManager@3282448f, matchingMediaTypes=[*/*], useEquals=true, ignoredMediaTypes=[]]]
2025-08-16T19:38:38.412+05:30 DEBUG 17156 --- [SimplyPay] [http-nio-8080-exec-2] s.w.a.DelegatingAuthenticationEntryPoint : Match found! Executing org.springframework.security.web.authentication.DelegatingAuthenticationEntryPoint@1e46a5ab
2025-08-16T19:38:38.413+05:30 DEBUG 17156 --- [SimplyPay] [http-nio-8080-exec-2] s.w.a.DelegatingAuthenticationEntryPoint : Trying to match using RequestHeaderRequestMatcher [expectedHeaderName=X-Requested-With, expectedHeaderValue=XMLHttpRequest]
2025-08-16T19:38:38.413+05:30 DEBUG 17156 --- [SimplyPay] [http-nio-8080-exec-2] s.w.a.DelegatingAuthenticationEntryPoint : No match found. Using default entry point org.springframework.security.web.authentication.www.BasicAuthenticationEntryPoint@3a1ee320
